<?xml version="1.0" encoding="UTF-8"?>
<coverage generated="1713615258052" clover="3.2.0">
  <project timestamp="1713615258052" name="All files">
    <metrics statements="23" coveredstatements="21" conditionals="8" coveredconditionals="7" methods="5" coveredmethods="5" elements="36" coveredelements="33" complexity="0" loc="23" ncloc="23" packages="1" files="5" classes="5"/>
    <file name="EX1.js" path="C:\Users\safaw\Desktop\Education\GL 4\tp-test\TP1\src\EX1.js">
      <metrics statements="3" coveredstatements="3" conditionals="1" coveredconditionals="1" methods="1" coveredmethods="1"/>
      <line num="1" count="1" type="cond" truecount="1" falsecount="0"/>
      <line num="2" count="3" type="stmt"/>
      <line num="3" count="3" type="stmt"/>
    </file>
    <file name="EX2.js" path="C:\Users\safaw\Desktop\Education\GL 4\tp-test\TP1\src\EX2.js">
      <metrics statements="3" coveredstatements="3" conditionals="2" coveredconditionals="2" methods="1" coveredmethods="1"/>
      <line num="1" count="1" type="cond" truecount="1" falsecount="0"/>
      <line num="2" count="5" type="cond" truecount="1" falsecount="0"/>
      <line num="3" count="5" type="stmt"/>
    </file>
    <file name="EX3.js" path="C:\Users\safaw\Desktop\Education\GL 4\tp-test\TP1\src\EX3.js">
      <metrics statements="3" coveredstatements="3" conditionals="2" coveredconditionals="2" methods="1" coveredmethods="1"/>
      <line num="1" count="1" type="cond" truecount="1" falsecount="0"/>
      <line num="2" count="5" type="cond" truecount="1" falsecount="0"/>
      <line num="3" count="5" type="stmt"/>
    </file>
    <file name="EX4.js" path="C:\Users\safaw\Desktop\Education\GL 4\tp-test\TP1\src\EX4.js">
      <metrics statements="11" coveredstatements="9" conditionals="2" coveredconditionals="1" methods="1" coveredmethods="1"/>
      <line num="1" count="1" type="stmt"/>
      <line num="2" count="1" type="stmt"/>
      <line num="3" count="1" type="cond" truecount="1" falsecount="0"/>
      <line num="4" count="1" type="stmt"/>
      <line num="5" count="1" type="cond" truecount="0" falsecount="1"/>
      <line num="6" count="0" type="stmt"/>
      <line num="7" count="0" type="stmt"/>
      <line num="8" count="1" type="stmt"/>
      <line num="9" count="1" type="stmt"/>
      <line num="10" count="1" type="stmt"/>
      <line num="11" count="1" type="stmt"/>
    </file>
    <file name="math.js" path="C:\Users\safaw\Desktop\Education\GL 4\tp-test\TP1\src\math.js">
      <metrics statements="3" coveredstatements="3" conditionals="1" coveredconditionals="1" methods="1" coveredmethods="1"/>
      <line num="1" count="1" type="cond" truecount="1" falsecount="0"/>
      <line num="2" count="1" type="stmt"/>
      <line num="3" count="1" type="stmt"/>
    </file>
  </project>
</coverage>
